Using pre-set license
Built from '2020.3/release' branch; Version is '2020.3.2f1 (8fd9074bf66c) revision 9427207'; Using compiler version '192528614'; Build Type 'Release'
OS: 'Windows 10 Home; OS build 19041.985; Version 2004; 64bit' Language: 'en' Physical Memory: 8121 MB
BatchMode: 1, IsHumanControllingUs: 0, StartBugReporterOnCrash: 0, Is64bit: 1, IsPro: 0

 COMMAND LINE ARGUMENTS:
C:\Program Files\Unity\Hub\Editor\2020.3.2f1\Editor\Unity.exe
-adb2
-batchMode
-noUpm
-name
AssetImportWorker0
-projectPath
C:/Projects/Git/RobotGame/RobotGame
-logFile
Logs/AssetImportWorker0.log
-srvPort
53110
Successfully changed project path to: C:/Projects/Git/RobotGame/RobotGame
C:/Projects/Git/RobotGame/RobotGame
Using Asset Import Pipeline V2.
Refreshing native plugins compatible for Editor in 24.59 ms, found 0 plugins.
Preloading 0 native plugins for Editor in 0.00 ms.
Initialize engine version: 2020.3.2f1 (8fd9074bf66c)
[Subsystems] Discovering subsystems at path C:/Program Files/Unity/Hub/Editor/2020.3.2f1/Editor/Data/Resources/UnitySubsystems
[Subsystems] Discovering subsystems at path C:/Projects/Git/RobotGame/RobotGame/Assets
GfxDevice: creating device client; threaded=0
Direct3D:
    Version:  Direct3D 11.0 [level 11.1]
    Renderer: NVIDIA GeForce RTX 2060 SUPER (ID=0x1f06)
    Vendor:   
    VRAM:     8031 MB
    Driver:   27.21.14.6589
Initialize mono
Mono path[0] = 'C:/Program Files/Unity/Hub/Editor/2020.3.2f1/Editor/Data/Managed'
Mono path[1] = 'C:/Program Files/Unity/Hub/Editor/2020.3.2f1/Editor/Data/MonoBleedingEdge/lib/mono/unityjit'
Mono config path = 'C:/Program Files/Unity/Hub/Editor/2020.3.2f1/Editor/Data/MonoBleedingEdge/etc'
Using monoOptions --debugger-agent=transport=dt_socket,embedding=1,server=y,suspend=n,address=127.0.0.1:56292
Begin MonoManager ReloadAssembly
Registering precompiled unity dll's ...
Register platform support module: C:/Program Files/Unity/Hub/Editor/2020.3.2f1/Editor/Data/PlaybackEngines/WebGLSupport/UnityEditor.WebGL.Extensions.dll
Register platform support module: C:/Program Files/Unity/Hub/Editor/2020.3.2f1/Editor/Data/PlaybackEngines/WindowsStandaloneSupport/UnityEditor.WindowsStandalone.Extensions.dll
Registered in 0.003028 seconds.
Native extension for WindowsStandalone target not found
Native extension for WebGL target not found
Refreshing native plugins compatible for Editor in 24.05 ms, found 0 plugins.
Preloading 0 native plugins for Editor in 0.00 ms.
Invoked RoslynAnalysisRunner static constructor.
RoslynAnalysisRunner will not be running.
RoslynAnalysisRunner has terminated.
Mono: successfully reloaded assembly
- Completed reload, in  1.249 seconds
Platform modules already initialized, skipping
Registering precompiled user dll's ...
Registered in 0.000803 seconds.
Begin MonoManager ReloadAssembly
Native extension for WindowsStandalone target not found
Native extension for WebGL target not found
Refreshing native plugins compatible for Editor in 0.27 ms, found 0 plugins.
Preloading 0 native plugins for Editor in 0.00 ms.
Invoked RoslynAnalysisRunner static constructor.
RoslynAnalysisRunner will not be running.
RoslynAnalysisRunner has terminated.
Mono: successfully reloaded assembly
- Completed reload, in  0.851 seconds
Platform modules already initialized, skipping
========================================================================
Worker process is ready to serve import requests
Launched and connected shader compiler UnityShaderCompiler.exe after 0.05 seconds
Refreshing native plugins compatible for Editor in 0.23 ms, found 0 plugins.
Preloading 0 native plugins for Editor in 0.00 ms.
Unloading 1165 Unused Serialized files (Serialized files now loaded: 0)
System memory in use before: 60.7 MB.
System memory in use after: 60.7 MB.

Unloading 9 unused Assets to reduce memory usage. Loaded Objects now: 1611.
Total: 1.838800 ms (FindLiveObjects: 0.160800 ms CreateObjectMapping: 0.028800 ms MarkObjects: 1.568600 ms  DeleteObjects: 0.079400 ms)

========================================================================
Received Import Request.
  path: Assets/Scripts/Pathfinding/AStar.cs
  artifactKey: Guid(22f1432bd945a624daaffd5755f83a3b) Importer(815301076,1909f56bfc062723c751e8b465ee728b)
Start importing Assets/Scripts/Pathfinding/AStar.cs using Guid(22f1432bd945a624daaffd5755f83a3b) Importer(815301076,1909f56bfc062723c751e8b465ee728b)  -> (artifact id: '30d87e50bc18a03d00f5fe32b9a1b9e8') in 0.030711 seconds
  Import took 0.033068 seconds .

========================================================================
Received Import Request.
  Time since last request: 53.200584 seconds.
  path: Assets/Scripts/Pathfinding/PathRequester.cs
  artifactKey: Guid(7ccc373aa8575504caa2141b9df09a13) Importer(815301076,1909f56bfc062723c751e8b465ee728b)
Start importing Assets/Scripts/Pathfinding/PathRequester.cs using Guid(7ccc373aa8575504caa2141b9df09a13) Importer(815301076,1909f56bfc062723c751e8b465ee728b)  -> (artifact id: '1b2c0096ad127f5266ada8afb3636c54') in 0.010067 seconds
  Import took 0.012266 seconds .

========================================================================
Received Import Request.
  Time since last request: 0.000963 seconds.
  path: Assets/Scripts/Pathfinding/PathRequester.cs
  artifactKey: Guid(7ccc373aa8575504caa2141b9df09a13) Importer(815301076,1909f56bfc062723c751e8b465ee728b)
Start importing Assets/Scripts/Pathfinding/PathRequester.cs using Guid(7ccc373aa8575504caa2141b9df09a13) Importer(815301076,1909f56bfc062723c751e8b465ee728b)  -> (artifact id: '1b2c0096ad127f5266ada8afb3636c54') in 0.002627 seconds
  Import took 0.004413 seconds .

========================================================================
Received Import Request.
  Time since last request: 79.847112 seconds.
  path: Assets/Scripts/Pathfinding/AStar.cs
  artifactKey: Guid(22f1432bd945a624daaffd5755f83a3b) Importer(815301076,1909f56bfc062723c751e8b465ee728b)
Start importing Assets/Scripts/Pathfinding/AStar.cs using Guid(22f1432bd945a624daaffd5755f83a3b) Importer(815301076,1909f56bfc062723c751e8b465ee728b)  -> (artifact id: '2a561e7bbbdf82f95f1fb7f05baea38b') in 0.003146 seconds
  Import took 0.006219 seconds .

========================================================================
Received Import Request.
  Time since last request: 23.776021 seconds.
  path: Assets/Scripts/Pathfinding/AStar.cs
  artifactKey: Guid(22f1432bd945a624daaffd5755f83a3b) Importer(815301076,1909f56bfc062723c751e8b465ee728b)
Start importing Assets/Scripts/Pathfinding/AStar.cs using Guid(22f1432bd945a624daaffd5755f83a3b) Importer(815301076,1909f56bfc062723c751e8b465ee728b)  -> (artifact id: '6e8e47bdceaec6ffd71128cab4b664e0') in 0.002612 seconds
  Import took 0.006382 seconds .

========================================================================
Received Import Request.
  Time since last request: 87.139182 seconds.
  path: Assets/Scripts/Pathfinding/AStar.cs
  artifactKey: Guid(22f1432bd945a624daaffd5755f83a3b) Importer(815301076,1909f56bfc062723c751e8b465ee728b)
Start importing Assets/Scripts/Pathfinding/AStar.cs using Guid(22f1432bd945a624daaffd5755f83a3b) Importer(815301076,1909f56bfc062723c751e8b465ee728b)  -> (artifact id: '4380c85e48c74009892e10db2ddb54d4') in 0.002497 seconds
  Import took 0.006045 seconds .

========================================================================
Received Import Request.
  Time since last request: 28.167889 seconds.
  path: Assets/Scripts/Pathfinding/AStar.cs
  artifactKey: Guid(22f1432bd945a624daaffd5755f83a3b) Importer(815301076,1909f56bfc062723c751e8b465ee728b)
Start importing Assets/Scripts/Pathfinding/AStar.cs using Guid(22f1432bd945a624daaffd5755f83a3b) Importer(815301076,1909f56bfc062723c751e8b465ee728b)  -> (artifact id: '3a1d8f00b47ad464d27fb7159d3a9dfe') in 0.002516 seconds
  Import took 0.005982 seconds .

========================================================================
Received Import Request.
  Time since last request: 7.593697 seconds.
  path: Assets/Scripts/Pathfinding/AStar.cs
  artifactKey: Guid(22f1432bd945a624daaffd5755f83a3b) Importer(815301076,1909f56bfc062723c751e8b465ee728b)
Start importing Assets/Scripts/Pathfinding/AStar.cs using Guid(22f1432bd945a624daaffd5755f83a3b) Importer(815301076,1909f56bfc062723c751e8b465ee728b)  -> (artifact id: '00da7b22d21a22c0516f703819415229') in 0.003437 seconds
  Import took 0.007164 seconds .

========================================================================
Received Import Request.
  Time since last request: 0.002567 seconds.
  path: Assets/Scripts/Pathfinding/AStar.cs
  artifactKey: Guid(22f1432bd945a624daaffd5755f83a3b) Importer(815301076,1909f56bfc062723c751e8b465ee728b)
Start importing Assets/Scripts/Pathfinding/AStar.cs using Guid(22f1432bd945a624daaffd5755f83a3b) Importer(815301076,1909f56bfc062723c751e8b465ee728b)  -> (artifact id: '00da7b22d21a22c0516f703819415229') in 0.003719 seconds
  Import took 0.005943 seconds .

========================================================================
Received Import Request.
  Time since last request: 40.182910 seconds.
  path: Assets/Scripts/Pathfinding/AStar.cs
  artifactKey: Guid(22f1432bd945a624daaffd5755f83a3b) Importer(815301076,1909f56bfc062723c751e8b465ee728b)
Start importing Assets/Scripts/Pathfinding/AStar.cs using Guid(22f1432bd945a624daaffd5755f83a3b) Importer(815301076,1909f56bfc062723c751e8b465ee728b)  -> (artifact id: '052042dd94478a1678f30cb696251a58') in 0.002678 seconds
  Import took 0.006281 seconds .

========================================================================
Received Import Request.
  Time since last request: 0.001519 seconds.
  path: Assets/Scripts/Pathfinding/AStar.cs
  artifactKey: Guid(22f1432bd945a624daaffd5755f83a3b) Importer(815301076,1909f56bfc062723c751e8b465ee728b)
Start importing Assets/Scripts/Pathfinding/AStar.cs using Guid(22f1432bd945a624daaffd5755f83a3b) Importer(815301076,1909f56bfc062723c751e8b465ee728b)  -> (artifact id: '052042dd94478a1678f30cb696251a58') in 0.003045 seconds
  Import took 0.005037 seconds .

========================================================================
Received Import Request.
  Time since last request: 9.526610 seconds.
  path: Assets/Scripts/Pathfinding/AStar.cs
  artifactKey: Guid(22f1432bd945a624daaffd5755f83a3b) Importer(815301076,1909f56bfc062723c751e8b465ee728b)
Start importing Assets/Scripts/Pathfinding/AStar.cs using Guid(22f1432bd945a624daaffd5755f83a3b) Importer(815301076,1909f56bfc062723c751e8b465ee728b)  -> (artifact id: '817fda3ec3db4ea47d627f3ec9fe3c95') in 0.002586 seconds
  Import took 0.004750 seconds .

========================================================================
Received Import Request.
  Time since last request: 173.045543 seconds.
  path: Assets/Scripts/Pathfinding/AStar.cs
  artifactKey: Guid(22f1432bd945a624daaffd5755f83a3b) Importer(815301076,1909f56bfc062723c751e8b465ee728b)
Start importing Assets/Scripts/Pathfinding/AStar.cs using Guid(22f1432bd945a624daaffd5755f83a3b) Importer(815301076,1909f56bfc062723c751e8b465ee728b)  -> (artifact id: 'c990691afdacf823c94bfba6974bbcd6') in 0.002553 seconds
  Import took 0.006078 seconds .

========================================================================
Received Import Request.
  Time since last request: 0.001633 seconds.
  path: Assets/Scripts/Pathfinding/AStar.cs
  artifactKey: Guid(22f1432bd945a624daaffd5755f83a3b) Importer(815301076,1909f56bfc062723c751e8b465ee728b)
Start importing Assets/Scripts/Pathfinding/AStar.cs using Guid(22f1432bd945a624daaffd5755f83a3b) Importer(815301076,1909f56bfc062723c751e8b465ee728b)  -> (artifact id: 'c990691afdacf823c94bfba6974bbcd6') in 0.002701 seconds
  Import took 0.004667 seconds .

========================================================================
Received Import Request.
  Time since last request: 34.234421 seconds.
  path: Assets/Scripts/Pathfinding/AStar.cs
  artifactKey: Guid(22f1432bd945a624daaffd5755f83a3b) Importer(815301076,1909f56bfc062723c751e8b465ee728b)
Start importing Assets/Scripts/Pathfinding/AStar.cs using Guid(22f1432bd945a624daaffd5755f83a3b) Importer(815301076,1909f56bfc062723c751e8b465ee728b)  -> (artifact id: '3ab7114a0d69120ca7783ca52ddac2d3') in 0.002681 seconds
  Import took 0.006060 seconds .

========================================================================
Received Import Request.
  Time since last request: 27.805492 seconds.
  path: Assets/Scripts/Pathfinding/AStar.cs
  artifactKey: Guid(22f1432bd945a624daaffd5755f83a3b) Importer(815301076,1909f56bfc062723c751e8b465ee728b)
Start importing Assets/Scripts/Pathfinding/AStar.cs using Guid(22f1432bd945a624daaffd5755f83a3b) Importer(815301076,1909f56bfc062723c751e8b465ee728b)  -> (artifact id: 'bc612f28fd161919218290dc386ffd58') in 0.002819 seconds
  Import took 0.006403 seconds .

========================================================================
Received Import Request.
  Time since last request: 0.001886 seconds.
  path: Assets/Scripts/Pathfinding/AStar.cs
  artifactKey: Guid(22f1432bd945a624daaffd5755f83a3b) Importer(815301076,1909f56bfc062723c751e8b465ee728b)
Start importing Assets/Scripts/Pathfinding/AStar.cs using Guid(22f1432bd945a624daaffd5755f83a3b) Importer(815301076,1909f56bfc062723c751e8b465ee728b)  -> (artifact id: 'bc612f28fd161919218290dc386ffd58') in 0.002735 seconds
  Import took 0.004800 seconds .

========================================================================
Received Import Request.
  Time since last request: 7.683213 seconds.
  path: Assets/Scripts/Pathfinding/AStar.cs
  artifactKey: Guid(22f1432bd945a624daaffd5755f83a3b) Importer(815301076,1909f56bfc062723c751e8b465ee728b)
Start importing Assets/Scripts/Pathfinding/AStar.cs using Guid(22f1432bd945a624daaffd5755f83a3b) Importer(815301076,1909f56bfc062723c751e8b465ee728b)  -> (artifact id: '178720e1c4078d7ae247e35beb3c657a') in 0.002520 seconds
  Import took 0.005828 seconds .

========================================================================
Received Import Request.
  Time since last request: 10.031071 seconds.
  path: Assets/Scripts/Pathfinding/AStar.cs
  artifactKey: Guid(22f1432bd945a624daaffd5755f83a3b) Importer(815301076,1909f56bfc062723c751e8b465ee728b)
Start importing Assets/Scripts/Pathfinding/AStar.cs using Guid(22f1432bd945a624daaffd5755f83a3b) Importer(815301076,1909f56bfc062723c751e8b465ee728b)  -> (artifact id: '8b00e6e67de054d594432291fa58f0ef') in 0.002906 seconds
  Import took 0.006086 seconds .

========================================================================
Received Import Request.
  Time since last request: 0.001720 seconds.
  path: Assets/Scripts/Pathfinding/AStar.cs
  artifactKey: Guid(22f1432bd945a624daaffd5755f83a3b) Importer(815301076,1909f56bfc062723c751e8b465ee728b)
Start importing Assets/Scripts/Pathfinding/AStar.cs using Guid(22f1432bd945a624daaffd5755f83a3b) Importer(815301076,1909f56bfc062723c751e8b465ee728b)  -> (artifact id: '8b00e6e67de054d594432291fa58f0ef') in 0.002958 seconds
  Import took 0.005119 seconds .

========================================================================
Received Import Request.
  Time since last request: 430.354989 seconds.
  path: Assets/Scripts/Pathfinding/AStar.cs
  artifactKey: Guid(22f1432bd945a624daaffd5755f83a3b) Importer(815301076,1909f56bfc062723c751e8b465ee728b)
Start importing Assets/Scripts/Pathfinding/AStar.cs using Guid(22f1432bd945a624daaffd5755f83a3b) Importer(815301076,1909f56bfc062723c751e8b465ee728b)  -> (artifact id: '884021315e8cb4a7457a1bf8eaae9b04') in 0.002505 seconds
  Import took 0.006203 seconds .

========================================================================
Received Import Request.
  Time since last request: 0.001681 seconds.
  path: Assets/Scripts/Pathfinding/AStar.cs
  artifactKey: Guid(22f1432bd945a624daaffd5755f83a3b) Importer(815301076,1909f56bfc062723c751e8b465ee728b)
Start importing Assets/Scripts/Pathfinding/AStar.cs using Guid(22f1432bd945a624daaffd5755f83a3b) Importer(815301076,1909f56bfc062723c751e8b465ee728b)  -> (artifact id: '884021315e8cb4a7457a1bf8eaae9b04') in 0.002912 seconds
  Import took 0.004912 seconds .

========================================================================
Received Import Request.
  Time since last request: 16.383405 seconds.
  path: Assets/Scripts/Pathfinding/AStar.cs
  artifactKey: Guid(22f1432bd945a624daaffd5755f83a3b) Importer(815301076,1909f56bfc062723c751e8b465ee728b)
Start importing Assets/Scripts/Pathfinding/AStar.cs using Guid(22f1432bd945a624daaffd5755f83a3b) Importer(815301076,1909f56bfc062723c751e8b465ee728b)  -> (artifact id: 'bdd184eb8bc0cd26f8eda9664f261651') in 0.003667 seconds
  Import took 0.006271 seconds .

========================================================================
Received Import Request.
  Time since last request: 0.002023 seconds.
  path: Assets/Scripts/Pathfinding/AStar.cs
  artifactKey: Guid(22f1432bd945a624daaffd5755f83a3b) Importer(815301076,1909f56bfc062723c751e8b465ee728b)
Start importing Assets/Scripts/Pathfinding/AStar.cs using Guid(22f1432bd945a624daaffd5755f83a3b) Importer(815301076,1909f56bfc062723c751e8b465ee728b)  -> (artifact id: 'bdd184eb8bc0cd26f8eda9664f261651') in 0.003324 seconds
  Import took 0.005785 seconds .

========================================================================
Received Import Request.
  Time since last request: 79.498390 seconds.
  path: Assets/Scripts/Pathfinding/AStar.cs
  artifactKey: Guid(22f1432bd945a624daaffd5755f83a3b) Importer(815301076,1909f56bfc062723c751e8b465ee728b)
Start importing Assets/Scripts/Pathfinding/AStar.cs using Guid(22f1432bd945a624daaffd5755f83a3b) Importer(815301076,1909f56bfc062723c751e8b465ee728b)  -> (artifact id: '6a1b8a31744b52b330cada009b8a4276') in 0.002869 seconds
  Import took 0.007272 seconds .

========================================================================
Received Import Request.
  Time since last request: 13.180986 seconds.
  path: Assets/Scripts/Pathfinding/AStar.cs
  artifactKey: Guid(22f1432bd945a624daaffd5755f83a3b) Importer(815301076,1909f56bfc062723c751e8b465ee728b)
Start importing Assets/Scripts/Pathfinding/AStar.cs using Guid(22f1432bd945a624daaffd5755f83a3b) Importer(815301076,1909f56bfc062723c751e8b465ee728b)  -> (artifact id: '9f238c20ca895305c831fec143d9cd4d') in 0.002732 seconds
  Import took 0.005578 seconds .

========================================================================
Received Import Request.
  Time since last request: 0.002665 seconds.
  path: Assets/Scripts/Pathfinding/AStar.cs
  artifactKey: Guid(22f1432bd945a624daaffd5755f83a3b) Importer(815301076,1909f56bfc062723c751e8b465ee728b)
Start importing Assets/Scripts/Pathfinding/AStar.cs using Guid(22f1432bd945a624daaffd5755f83a3b) Importer(815301076,1909f56bfc062723c751e8b465ee728b)  -> (artifact id: '9f238c20ca895305c831fec143d9cd4d') in 0.002755 seconds
  Import took 0.004821 seconds .

========================================================================
Received Import Request.
  Time since last request: 49.769167 seconds.
  path: Assets/Scripts/Pathfinding/AStar.cs
  artifactKey: Guid(22f1432bd945a624daaffd5755f83a3b) Importer(815301076,1909f56bfc062723c751e8b465ee728b)
Start importing Assets/Scripts/Pathfinding/AStar.cs using Guid(22f1432bd945a624daaffd5755f83a3b) Importer(815301076,1909f56bfc062723c751e8b465ee728b)  -> (artifact id: '8a3cdb9c0a5a0d1d2a46f4e3caa327ba') in 0.002700 seconds
  Import took 0.005441 seconds .

========================================================================
Received Import Request.
  Time since last request: 0.003189 seconds.
  path: Assets/Scripts/Pathfinding/AStar.cs
  artifactKey: Guid(22f1432bd945a624daaffd5755f83a3b) Importer(815301076,1909f56bfc062723c751e8b465ee728b)
Start importing Assets/Scripts/Pathfinding/AStar.cs using Guid(22f1432bd945a624daaffd5755f83a3b) Importer(815301076,1909f56bfc062723c751e8b465ee728b)  -> (artifact id: '8a3cdb9c0a5a0d1d2a46f4e3caa327ba') in 0.004392 seconds
  Import took 0.006588 seconds .

========================================================================
Received Import Request.
  Time since last request: 18.341065 seconds.
  path: Assets/Scripts/Pathfinding/AStar.cs
  artifactKey: Guid(22f1432bd945a624daaffd5755f83a3b) Importer(815301076,1909f56bfc062723c751e8b465ee728b)
Start importing Assets/Scripts/Pathfinding/AStar.cs using Guid(22f1432bd945a624daaffd5755f83a3b) Importer(815301076,1909f56bfc062723c751e8b465ee728b)  -> (artifact id: 'fbce2d99e3a2963673b3599426a67ae3') in 0.003149 seconds
  Import took 0.006809 seconds .

========================================================================
Received Import Request.
  Time since last request: 0.002383 seconds.
  path: Assets/Scripts/Pathfinding/AStar.cs
  artifactKey: Guid(22f1432bd945a624daaffd5755f83a3b) Importer(815301076,1909f56bfc062723c751e8b465ee728b)
Start importing Assets/Scripts/Pathfinding/AStar.cs using Guid(22f1432bd945a624daaffd5755f83a3b) Importer(815301076,1909f56bfc062723c751e8b465ee728b)  -> (artifact id: 'fbce2d99e3a2963673b3599426a67ae3') in 0.003210 seconds
  Import took 0.006100 seconds .

========================================================================
Received Import Request.
  Time since last request: 10.760993 seconds.
  path: Assets/Scripts/Pathfinding/AStar.cs
  artifactKey: Guid(22f1432bd945a624daaffd5755f83a3b) Importer(815301076,1909f56bfc062723c751e8b465ee728b)
Start importing Assets/Scripts/Pathfinding/AStar.cs using Guid(22f1432bd945a624daaffd5755f83a3b) Importer(815301076,1909f56bfc062723c751e8b465ee728b)  -> (artifact id: '9a1ac9f09b5b08becc111affb5bc7541') in 0.002687 seconds
  Import took 0.006467 seconds .

========================================================================
Received Import Request.
  Time since last request: 0.001001 seconds.
  path: Assets/Scripts/Pathfinding/AStar.cs
  artifactKey: Guid(22f1432bd945a624daaffd5755f83a3b) Importer(815301076,1909f56bfc062723c751e8b465ee728b)
Start importing Assets/Scripts/Pathfinding/AStar.cs using Guid(22f1432bd945a624daaffd5755f83a3b) Importer(815301076,1909f56bfc062723c751e8b465ee728b)  -> (artifact id: '9a1ac9f09b5b08becc111affb5bc7541') in 0.003748 seconds
  Import took 0.006016 seconds .

========================================================================
Received Import Request.
  Time since last request: 70.460440 seconds.
  path: Assets/Scripts/Pathfinding/AStar.cs
  artifactKey: Guid(22f1432bd945a624daaffd5755f83a3b) Importer(815301076,1909f56bfc062723c751e8b465ee728b)
Start importing Assets/Scripts/Pathfinding/AStar.cs using Guid(22f1432bd945a624daaffd5755f83a3b) Importer(815301076,1909f56bfc062723c751e8b465ee728b)  -> (artifact id: '32b5db69998c5fd978a08d0be6646087') in 0.002684 seconds
  Import took 0.005116 seconds .

========================================================================
Received Import Request.
  Time since last request: 50.347198 seconds.
  path: Assets/Scripts/Pathfinding/AStar.cs
  artifactKey: Guid(22f1432bd945a624daaffd5755f83a3b) Importer(815301076,1909f56bfc062723c751e8b465ee728b)
Start importing Assets/Scripts/Pathfinding/AStar.cs using Guid(22f1432bd945a624daaffd5755f83a3b) Importer(815301076,1909f56bfc062723c751e8b465ee728b)  -> (artifact id: 'ee1c18865f4373f521fc0e420c7f2f71') in 0.002451 seconds
  Import took 0.006045 seconds .

========================================================================
Received Import Request.
  Time since last request: 5.179947 seconds.
  path: Assets/Scripts/Pathfinding/AStar.cs
  artifactKey: Guid(22f1432bd945a624daaffd5755f83a3b) Importer(815301076,1909f56bfc062723c751e8b465ee728b)
Start importing Assets/Scripts/Pathfinding/AStar.cs using Guid(22f1432bd945a624daaffd5755f83a3b) Importer(815301076,1909f56bfc062723c751e8b465ee728b)  -> (artifact id: '12dbd054d7aa18ddf606fef24a3b1625') in 0.002666 seconds
  Import took 0.006116 seconds .

========================================================================
Received Import Request.
  Time since last request: 23.406939 seconds.
  path: Assets/Scripts/Pathfinding/AStar.cs
  artifactKey: Guid(22f1432bd945a624daaffd5755f83a3b) Importer(815301076,1909f56bfc062723c751e8b465ee728b)
Start importing Assets/Scripts/Pathfinding/AStar.cs using Guid(22f1432bd945a624daaffd5755f83a3b) Importer(815301076,1909f56bfc062723c751e8b465ee728b)  -> (artifact id: 'c209b849980fbdac71bcc5f4199eb6f3') in 0.002514 seconds
  Import took 0.005457 seconds .

========================================================================
Received Import Request.
  Time since last request: 5.164979 seconds.
  path: Assets/Scripts/Pathfinding/AStar.cs
  artifactKey: Guid(22f1432bd945a624daaffd5755f83a3b) Importer(815301076,1909f56bfc062723c751e8b465ee728b)
Start importing Assets/Scripts/Pathfinding/AStar.cs using Guid(22f1432bd945a624daaffd5755f83a3b) Importer(815301076,1909f56bfc062723c751e8b465ee728b)  -> (artifact id: '78d786892d530ef61fef6c5b1a30a294') in 0.002434 seconds
  Import took 0.005540 seconds .

========================================================================
Received Import Request.
  Time since last request: 3.655534 seconds.
  path: Assets/Scripts/Pathfinding/AStar.cs
  artifactKey: Guid(22f1432bd945a624daaffd5755f83a3b) Importer(815301076,1909f56bfc062723c751e8b465ee728b)
Start importing Assets/Scripts/Pathfinding/AStar.cs using Guid(22f1432bd945a624daaffd5755f83a3b) Importer(815301076,1909f56bfc062723c751e8b465ee728b)  -> (artifact id: 'ffb4418672744f848a6c78e3d5dc74de') in 0.002636 seconds
  Import took 0.005241 seconds .

========================================================================
Received Import Request.
  Time since last request: 8.053405 seconds.
  path: Assets/Scripts/Pathfinding/AStar.cs
  artifactKey: Guid(22f1432bd945a624daaffd5755f83a3b) Importer(815301076,1909f56bfc062723c751e8b465ee728b)
Start importing Assets/Scripts/Pathfinding/AStar.cs using Guid(22f1432bd945a624daaffd5755f83a3b) Importer(815301076,1909f56bfc062723c751e8b465ee728b)  -> (artifact id: '1502b220e972fb6698839d09f79c9699') in 0.002478 seconds
  Import took 0.005922 seconds .

========================================================================
Received Import Request.
  Time since last request: 10.416826 seconds.
  path: Assets/Scripts/Pathfinding/AStar.cs
  artifactKey: Guid(22f1432bd945a624daaffd5755f83a3b) Importer(815301076,1909f56bfc062723c751e8b465ee728b)
Start importing Assets/Scripts/Pathfinding/AStar.cs using Guid(22f1432bd945a624daaffd5755f83a3b) Importer(815301076,1909f56bfc062723c751e8b465ee728b)  -> (artifact id: '55de5ef9e2bfb8cc3fc51f415bf4083d') in 0.002508 seconds
  Import took 0.005901 seconds .

========================================================================
Received Import Request.
  Time since last request: 0.004599 seconds.
  path: Assets/Scripts/Pathfinding/AStar.cs
  artifactKey: Guid(22f1432bd945a624daaffd5755f83a3b) Importer(815301076,1909f56bfc062723c751e8b465ee728b)
Start importing Assets/Scripts/Pathfinding/AStar.cs using Guid(22f1432bd945a624daaffd5755f83a3b) Importer(815301076,1909f56bfc062723c751e8b465ee728b)  -> (artifact id: '55de5ef9e2bfb8cc3fc51f415bf4083d') in 0.003000 seconds
  Import took 0.005202 seconds .

========================================================================
Received Import Request.
  Time since last request: 45.871403 seconds.
  path: Assets/Scripts/Pathfinding/AStar.cs
  artifactKey: Guid(22f1432bd945a624daaffd5755f83a3b) Importer(815301076,1909f56bfc062723c751e8b465ee728b)
Start importing Assets/Scripts/Pathfinding/AStar.cs using Guid(22f1432bd945a624daaffd5755f83a3b) Importer(815301076,1909f56bfc062723c751e8b465ee728b)  -> (artifact id: '11175014a6b3815999e6914a61ebdc20') in 0.003131 seconds
  Import took 0.006643 seconds .

========================================================================
Received Import Request.
  Time since last request: 33.605756 seconds.
  path: Assets/Scripts/Pathfinding/AStar.cs
  artifactKey: Guid(22f1432bd945a624daaffd5755f83a3b) Importer(815301076,1909f56bfc062723c751e8b465ee728b)
Start importing Assets/Scripts/Pathfinding/AStar.cs using Guid(22f1432bd945a624daaffd5755f83a3b) Importer(815301076,1909f56bfc062723c751e8b465ee728b)  -> (artifact id: '7670b62ee5d1bbe68a6277dabe844994') in 0.002529 seconds
  Import took 0.004976 seconds .

========================================================================
Received Import Request.
  Time since last request: 12.653408 seconds.
  path: Assets/Scripts/Pathfinding/AStar.cs
  artifactKey: Guid(22f1432bd945a624daaffd5755f83a3b) Importer(815301076,1909f56bfc062723c751e8b465ee728b)
Start importing Assets/Scripts/Pathfinding/AStar.cs using Guid(22f1432bd945a624daaffd5755f83a3b) Importer(815301076,1909f56bfc062723c751e8b465ee728b)  -> (artifact id: 'e99c974322f1686aefe39271143cbbf7') in 0.002736 seconds
  Import took 0.004901 seconds .

========================================================================
Received Import Request.
  Time since last request: 74.356161 seconds.
  path: Assets/Scripts/Pathfinding/AStar.cs
  artifactKey: Guid(22f1432bd945a624daaffd5755f83a3b) Importer(815301076,1909f56bfc062723c751e8b465ee728b)
Start importing Assets/Scripts/Pathfinding/AStar.cs using Guid(22f1432bd945a624daaffd5755f83a3b) Importer(815301076,1909f56bfc062723c751e8b465ee728b)  -> (artifact id: 'f76d39ac510c621c3856a4a8a4516ea5') in 0.002476 seconds
  Import took 0.005841 seconds .

========================================================================
Received Import Request.
  Time since last request: 10.312858 seconds.
  path: Assets/Scripts/Pathfinding/AStar.cs
  artifactKey: Guid(22f1432bd945a624daaffd5755f83a3b) Importer(815301076,1909f56bfc062723c751e8b465ee728b)
Start importing Assets/Scripts/Pathfinding/AStar.cs using Guid(22f1432bd945a624daaffd5755f83a3b) Importer(815301076,1909f56bfc062723c751e8b465ee728b)  -> (artifact id: 'abb12d718a3dbe97e482ca40e1458439') in 0.002453 seconds
  Import took 0.005286 seconds .

========================================================================
Received Import Request.
  Time since last request: 29.935816 seconds.
  path: Assets/Scripts/Pathfinding/AStar.cs
  artifactKey: Guid(22f1432bd945a624daaffd5755f83a3b) Importer(815301076,1909f56bfc062723c751e8b465ee728b)
Start importing Assets/Scripts/Pathfinding/AStar.cs using Guid(22f1432bd945a624daaffd5755f83a3b) Importer(815301076,1909f56bfc062723c751e8b465ee728b)  -> (artifact id: '8a874fd43b08854821e5de7c544d8d1a') in 0.002740 seconds
  Import took 0.004959 seconds .

========================================================================
Received Import Request.
  Time since last request: 13.305938 seconds.
  path: Assets/Scripts/Pathfinding/AStar.cs
  artifactKey: Guid(22f1432bd945a624daaffd5755f83a3b) Importer(815301076,1909f56bfc062723c751e8b465ee728b)
Start importing Assets/Scripts/Pathfinding/AStar.cs using Guid(22f1432bd945a624daaffd5755f83a3b) Importer(815301076,1909f56bfc062723c751e8b465ee728b)  -> (artifact id: 'b5b7a977fa4ff65703dd4629c2ecd351') in 0.002447 seconds
  Import took 0.004469 seconds .

========================================================================
Received Import Request.
  Time since last request: 8.106196 seconds.
  path: Assets/Scripts/Pathfinding/AStar.cs
  artifactKey: Guid(22f1432bd945a624daaffd5755f83a3b) Importer(815301076,1909f56bfc062723c751e8b465ee728b)
Start importing Assets/Scripts/Pathfinding/AStar.cs using Guid(22f1432bd945a624daaffd5755f83a3b) Importer(815301076,1909f56bfc062723c751e8b465ee728b)  -> (artifact id: '3ca2f06ffbfb6cd145439ce4bfda19f3') in 0.002404 seconds
  Import took 0.004925 seconds .

========================================================================
Received Import Request.
  Time since last request: 3.601026 seconds.
  path: Assets/Scripts/Pathfinding/AStar.cs
  artifactKey: Guid(22f1432bd945a624daaffd5755f83a3b) Importer(815301076,1909f56bfc062723c751e8b465ee728b)
Start importing Assets/Scripts/Pathfinding/AStar.cs using Guid(22f1432bd945a624daaffd5755f83a3b) Importer(815301076,1909f56bfc062723c751e8b465ee728b)  -> (artifact id: '72a3b600f7a5931805fe24957f5d9ff1') in 0.002472 seconds
  Import took 0.005536 seconds .

========================================================================
Received Import Request.
  Time since last request: 0.002635 seconds.
  path: Assets/Scripts/Pathfinding/AStar.cs
  artifactKey: Guid(22f1432bd945a624daaffd5755f83a3b) Importer(815301076,1909f56bfc062723c751e8b465ee728b)
Start importing Assets/Scripts/Pathfinding/AStar.cs using Guid(22f1432bd945a624daaffd5755f83a3b) Importer(815301076,1909f56bfc062723c751e8b465ee728b)  -> (artifact id: '72a3b600f7a5931805fe24957f5d9ff1') in 0.002454 seconds
  Import took 0.004512 seconds .

========================================================================
Received Import Request.
  Time since last request: 20.991398 seconds.
  path: Assets/Scripts/Pathfinding/AStar.cs
  artifactKey: Guid(22f1432bd945a624daaffd5755f83a3b) Importer(815301076,1909f56bfc062723c751e8b465ee728b)
Start importing Assets/Scripts/Pathfinding/AStar.cs using Guid(22f1432bd945a624daaffd5755f83a3b) Importer(815301076,1909f56bfc062723c751e8b465ee728b)  -> (artifact id: '8b2b66ed6a6fd515a63bc57af8d26994') in 0.002456 seconds
  Import took 0.004542 seconds .

========================================================================
Received Import Request.
  Time since last request: 10.758067 seconds.
  path: Assets/Scripts/Pathfinding/AStar.cs
  artifactKey: Guid(22f1432bd945a624daaffd5755f83a3b) Importer(815301076,1909f56bfc062723c751e8b465ee728b)
Start importing Assets/Scripts/Pathfinding/AStar.cs using Guid(22f1432bd945a624daaffd5755f83a3b) Importer(815301076,1909f56bfc062723c751e8b465ee728b)  -> (artifact id: '936b25d5e16fb3ec4b888d4fd95844a9') in 0.002655 seconds
  Import took 0.006204 seconds .

========================================================================
Received Import Request.
  Time since last request: 8.288750 seconds.
  path: Assets/Scripts/Pathfinding/AStar.cs
  artifactKey: Guid(22f1432bd945a624daaffd5755f83a3b) Importer(815301076,1909f56bfc062723c751e8b465ee728b)
Start importing Assets/Scripts/Pathfinding/AStar.cs using Guid(22f1432bd945a624daaffd5755f83a3b) Importer(815301076,1909f56bfc062723c751e8b465ee728b)  -> (artifact id: 'b05a565c0d14e040f1ad2eb5b2a3f395') in 0.002499 seconds
  Import took 0.005037 seconds .

========================================================================
Received Import Request.
  Time since last request: 10.313671 seconds.
  path: Assets/Scripts/Pathfinding/AStar.cs
  artifactKey: Guid(22f1432bd945a624daaffd5755f83a3b) Importer(815301076,1909f56bfc062723c751e8b465ee728b)
Start importing Assets/Scripts/Pathfinding/AStar.cs using Guid(22f1432bd945a624daaffd5755f83a3b) Importer(815301076,1909f56bfc062723c751e8b465ee728b)  -> (artifact id: '968ac87a4c29c6d7f418b0ccbf9e98fc') in 0.002600 seconds
  Import took 0.004700 seconds .

========================================================================
Received Import Request.
  Time since last request: 16.801605 seconds.
  path: Assets/Scripts/Pathfinding/AStar.cs
  artifactKey: Guid(22f1432bd945a624daaffd5755f83a3b) Importer(815301076,1909f56bfc062723c751e8b465ee728b)
Start importing Assets/Scripts/Pathfinding/AStar.cs using Guid(22f1432bd945a624daaffd5755f83a3b) Importer(815301076,1909f56bfc062723c751e8b465ee728b)  -> (artifact id: 'f4574f761e7e69a030f48dc0680ead0d') in 0.002637 seconds
  Import took 0.004751 seconds .

========================================================================
Received Import Request.
  Time since last request: 13.070361 seconds.
  path: Assets/Scripts/Pathfinding/AStar.cs
  artifactKey: Guid(22f1432bd945a624daaffd5755f83a3b) Importer(815301076,1909f56bfc062723c751e8b465ee728b)
Start importing Assets/Scripts/Pathfinding/AStar.cs using Guid(22f1432bd945a624daaffd5755f83a3b) Importer(815301076,1909f56bfc062723c751e8b465ee728b)  -> (artifact id: 'bbbdb253f8057e87208ea0be869be8b1') in 0.002679 seconds
  Import took 0.006043 seconds .

========================================================================
Received Import Request.
  Time since last request: 19.923773 seconds.
  path: Assets/Scripts/Pathfinding/AStar.cs
  artifactKey: Guid(22f1432bd945a624daaffd5755f83a3b) Importer(815301076,1909f56bfc062723c751e8b465ee728b)
Start importing Assets/Scripts/Pathfinding/AStar.cs using Guid(22f1432bd945a624daaffd5755f83a3b) Importer(815301076,1909f56bfc062723c751e8b465ee728b)  -> (artifact id: '4d445f5a9e64fe4ab9598a9c72523f13') in 0.002382 seconds
  Import took 0.005533 seconds .

========================================================================
Received Import Request.
  Time since last request: 23.159408 seconds.
  path: Assets/Scripts/Pathfinding/AStar.cs
  artifactKey: Guid(22f1432bd945a624daaffd5755f83a3b) Importer(815301076,1909f56bfc062723c751e8b465ee728b)
Start importing Assets/Scripts/Pathfinding/AStar.cs using Guid(22f1432bd945a624daaffd5755f83a3b) Importer(815301076,1909f56bfc062723c751e8b465ee728b)  -> (artifact id: '0adf15d9cc98a2f8400ec6e931eab49f') in 0.003248 seconds
  Import took 0.007308 seconds .

========================================================================
Received Import Request.
  Time since last request: 18.734405 seconds.
  path: Assets/Scripts/Pathfinding/AStar.cs
  artifactKey: Guid(22f1432bd945a624daaffd5755f83a3b) Importer(815301076,1909f56bfc062723c751e8b465ee728b)
Start importing Assets/Scripts/Pathfinding/AStar.cs using Guid(22f1432bd945a624daaffd5755f83a3b) Importer(815301076,1909f56bfc062723c751e8b465ee728b)  -> (artifact id: 'abe7d8bc2c72fddb8b09d442f4d066e2') in 0.002474 seconds
  Import took 0.004599 seconds .

========================================================================
Received Import Request.
  Time since last request: 54.148238 seconds.
  path: Assets/Scripts/Pathfinding/AStar.cs
  artifactKey: Guid(22f1432bd945a624daaffd5755f83a3b) Importer(815301076,1909f56bfc062723c751e8b465ee728b)
Start importing Assets/Scripts/Pathfinding/AStar.cs using Guid(22f1432bd945a624daaffd5755f83a3b) Importer(815301076,1909f56bfc062723c751e8b465ee728b)  -> (artifact id: '598fa292eb284fc0aaac63d31b7121c6') in 0.002453 seconds
  Import took 0.005815 seconds .

========================================================================
Received Import Request.
  Time since last request: 6.264475 seconds.
  path: Assets/Scripts/Pathfinding/AStar.cs
  artifactKey: Guid(22f1432bd945a624daaffd5755f83a3b) Importer(815301076,1909f56bfc062723c751e8b465ee728b)
Start importing Assets/Scripts/Pathfinding/AStar.cs using Guid(22f1432bd945a624daaffd5755f83a3b) Importer(815301076,1909f56bfc062723c751e8b465ee728b)  -> (artifact id: '57f7709b3e6ffb58c3323b02c234ad51') in 0.002678 seconds
  Import took 0.005626 seconds .

========================================================================
Received Import Request.
  Time since last request: 10.179844 seconds.
  path: Assets/Scripts/Pathfinding/AStar.cs
  artifactKey: Guid(22f1432bd945a624daaffd5755f83a3b) Importer(815301076,1909f56bfc062723c751e8b465ee728b)
Start importing Assets/Scripts/Pathfinding/AStar.cs using Guid(22f1432bd945a624daaffd5755f83a3b) Importer(815301076,1909f56bfc062723c751e8b465ee728b)  -> (artifact id: 'd51c598289a000ca8d6a6418c0d75ca7') in 0.002513 seconds
  Import took 0.004550 seconds .

========================================================================
Received Import Request.
  Time since last request: 5.413024 seconds.
  path: Assets/Scripts/Pathfinding/AStar.cs
  artifactKey: Guid(22f1432bd945a624daaffd5755f83a3b) Importer(815301076,1909f56bfc062723c751e8b465ee728b)
Start importing Assets/Scripts/Pathfinding/AStar.cs using Guid(22f1432bd945a624daaffd5755f83a3b) Importer(815301076,1909f56bfc062723c751e8b465ee728b)  -> (artifact id: 'a5361eabff70cde576880cac2bdee84b') in 0.002841 seconds
  Import took 0.006116 seconds .

========================================================================
Received Import Request.
  Time since last request: 8.786433 seconds.
  path: Assets/Scripts/Pathfinding/AStar.cs
  artifactKey: Guid(22f1432bd945a624daaffd5755f83a3b) Importer(815301076,1909f56bfc062723c751e8b465ee728b)
Start importing Assets/Scripts/Pathfinding/AStar.cs using Guid(22f1432bd945a624daaffd5755f83a3b) Importer(815301076,1909f56bfc062723c751e8b465ee728b)  -> (artifact id: 'e23b52979c0127a854bf598e3441fcc3') in 0.002513 seconds
  Import took 0.004587 seconds .

========================================================================
Received Import Request.
  Time since last request: 32.448312 seconds.
  path: Assets/Scripts/Pathfinding/AStar.cs
  artifactKey: Guid(22f1432bd945a624daaffd5755f83a3b) Importer(815301076,1909f56bfc062723c751e8b465ee728b)
Start importing Assets/Scripts/Pathfinding/AStar.cs using Guid(22f1432bd945a624daaffd5755f83a3b) Importer(815301076,1909f56bfc062723c751e8b465ee728b)  -> (artifact id: '69f51f9db8c558b92b5c4d4f594628c9') in 0.002863 seconds
  Import took 0.004978 seconds .

========================================================================
Received Import Request.
  Time since last request: 9.935316 seconds.
  path: Assets/Scripts/Pathfinding/AStar.cs
  artifactKey: Guid(22f1432bd945a624daaffd5755f83a3b) Importer(815301076,1909f56bfc062723c751e8b465ee728b)
Start importing Assets/Scripts/Pathfinding/AStar.cs using Guid(22f1432bd945a624daaffd5755f83a3b) Importer(815301076,1909f56bfc062723c751e8b465ee728b)  -> (artifact id: '525ecc6d5e6683104a905fb4df2fcd4f') in 0.002529 seconds
  Import took 0.006208 seconds .

========================================================================
Received Import Request.
  Time since last request: 0.002040 seconds.
  path: Assets/Scripts/Pathfinding/AStar.cs
  artifactKey: Guid(22f1432bd945a624daaffd5755f83a3b) Importer(815301076,1909f56bfc062723c751e8b465ee728b)
Start importing Assets/Scripts/Pathfinding/AStar.cs using Guid(22f1432bd945a624daaffd5755f83a3b) Importer(815301076,1909f56bfc062723c751e8b465ee728b)  -> (artifact id: '525ecc6d5e6683104a905fb4df2fcd4f') in 0.003817 seconds
  Import took 0.006761 seconds .

========================================================================
Received Import Request.
  Time since last request: 6.079371 seconds.
  path: Assets/Scripts/Pathfinding/AStar.cs
  artifactKey: Guid(22f1432bd945a624daaffd5755f83a3b) Importer(815301076,1909f56bfc062723c751e8b465ee728b)
Start importing Assets/Scripts/Pathfinding/AStar.cs using Guid(22f1432bd945a624daaffd5755f83a3b) Importer(815301076,1909f56bfc062723c751e8b465ee728b)  -> (artifact id: 'bc87ec9a75a4c9bc6a9c5513d8bc8280') in 0.002538 seconds
  Import took 0.004554 seconds .

========================================================================
Received Import Request.
  Time since last request: 10.336406 seconds.
  path: Assets/Scripts/Pathfinding/AStar.cs
  artifactKey: Guid(22f1432bd945a624daaffd5755f83a3b) Importer(815301076,1909f56bfc062723c751e8b465ee728b)
Start importing Assets/Scripts/Pathfinding/AStar.cs using Guid(22f1432bd945a624daaffd5755f83a3b) Importer(815301076,1909f56bfc062723c751e8b465ee728b)  -> (artifact id: '14799c3d93fc597e67de7b4636b1b645') in 0.003188 seconds
  Import took 0.006042 seconds .

========================================================================
Received Import Request.
  Time since last request: 5.583103 seconds.
  path: Assets/Scripts/Pathfinding/AStar.cs
  artifactKey: Guid(22f1432bd945a624daaffd5755f83a3b) Importer(815301076,1909f56bfc062723c751e8b465ee728b)
Start importing Assets/Scripts/Pathfinding/AStar.cs using Guid(22f1432bd945a624daaffd5755f83a3b) Importer(815301076,1909f56bfc062723c751e8b465ee728b)  -> (artifact id: 'cdeb05f6b3208d6ea4e485cd77ded4bf') in 0.002595 seconds
  Import took 0.005771 seconds .

========================================================================
Received Import Request.
  Time since last request: 9.529600 seconds.
  path: Assets/Scripts/Pathfinding/AStar.cs
  artifactKey: Guid(22f1432bd945a624daaffd5755f83a3b) Importer(815301076,1909f56bfc062723c751e8b465ee728b)
Start importing Assets/Scripts/Pathfinding/AStar.cs using Guid(22f1432bd945a624daaffd5755f83a3b) Importer(815301076,1909f56bfc062723c751e8b465ee728b)  -> (artifact id: '00b46e1e8cf545cba8680c4f684e0f5a') in 0.002583 seconds
  Import took 0.005008 seconds .

========================================================================
Received Import Request.
  Time since last request: 6.136736 seconds.
  path: Assets/Scripts/Pathfinding/AStar.cs
  artifactKey: Guid(22f1432bd945a624daaffd5755f83a3b) Importer(815301076,1909f56bfc062723c751e8b465ee728b)
Start importing Assets/Scripts/Pathfinding/AStar.cs using Guid(22f1432bd945a624daaffd5755f83a3b) Importer(815301076,1909f56bfc062723c751e8b465ee728b)  -> (artifact id: 'eb621eba9dcc728c6deed8575b197768') in 0.002484 seconds
  Import took 0.006047 seconds .

========================================================================
Received Import Request.
  Time since last request: 0.002717 seconds.
  path: Assets/Scripts/Pathfinding/AStar.cs
  artifactKey: Guid(22f1432bd945a624daaffd5755f83a3b) Importer(815301076,1909f56bfc062723c751e8b465ee728b)
Start importing Assets/Scripts/Pathfinding/AStar.cs using Guid(22f1432bd945a624daaffd5755f83a3b) Importer(815301076,1909f56bfc062723c751e8b465ee728b)  -> (artifact id: 'eb621eba9dcc728c6deed8575b197768') in 0.004055 seconds
  Import took 0.006159 seconds .

========================================================================
Received Import Request.
  Time since last request: 26.786115 seconds.
  path: Assets/Scripts/Pathfinding/AStar.cs
  artifactKey: Guid(22f1432bd945a624daaffd5755f83a3b) Importer(815301076,1909f56bfc062723c751e8b465ee728b)
Start importing Assets/Scripts/Pathfinding/AStar.cs using Guid(22f1432bd945a624daaffd5755f83a3b) Importer(815301076,1909f56bfc062723c751e8b465ee728b)  -> (artifact id: '8d244e00c8af05ce38a880a477d1b26c') in 0.002764 seconds
  Import took 0.006391 seconds .

========================================================================
Received Import Request.
  Time since last request: 19.048097 seconds.
  path: Assets/Scripts/Pathfinding/AStar.cs
  artifactKey: Guid(22f1432bd945a624daaffd5755f83a3b) Importer(815301076,1909f56bfc062723c751e8b465ee728b)
Start importing Assets/Scripts/Pathfinding/AStar.cs using Guid(22f1432bd945a624daaffd5755f83a3b) Importer(815301076,1909f56bfc062723c751e8b465ee728b)  -> (artifact id: 'e4389eff27c2bd0e329bbdab55bb6184') in 0.003216 seconds
  Import took 0.006370 seconds .

========================================================================
Received Import Request.
  Time since last request: 2.522158 seconds.
  path: Assets/Scripts/Pathfinding/AStar.cs
  artifactKey: Guid(22f1432bd945a624daaffd5755f83a3b) Importer(815301076,1909f56bfc062723c751e8b465ee728b)
Start importing Assets/Scripts/Pathfinding/AStar.cs using Guid(22f1432bd945a624daaffd5755f83a3b) Importer(815301076,1909f56bfc062723c751e8b465ee728b)  -> (artifact id: 'b78acd44c5b2814771b29201694e51ff') in 0.002613 seconds
  Import took 0.006384 seconds .

========================================================================
Received Import Request.
  Time since last request: 0.001963 seconds.
  path: Assets/Scripts/Pathfinding/AStar.cs
  artifactKey: Guid(22f1432bd945a624daaffd5755f83a3b) Importer(815301076,1909f56bfc062723c751e8b465ee728b)
Start importing Assets/Scripts/Pathfinding/AStar.cs using Guid(22f1432bd945a624daaffd5755f83a3b) Importer(815301076,1909f56bfc062723c751e8b465ee728b)  -> (artifact id: 'b78acd44c5b2814771b29201694e51ff') in 0.003041 seconds
  Import took 0.004979 seconds .

========================================================================
Received Import Request.
  Time since last request: 15.881124 seconds.
  path: Assets/Scripts/Pathfinding/AStar.cs
  artifactKey: Guid(22f1432bd945a624daaffd5755f83a3b) Importer(815301076,1909f56bfc062723c751e8b465ee728b)
Start importing Assets/Scripts/Pathfinding/AStar.cs using Guid(22f1432bd945a624daaffd5755f83a3b) Importer(815301076,1909f56bfc062723c751e8b465ee728b)  -> (artifact id: '53121729fc555c7808c2c2be29714d22') in 0.002710 seconds
  Import took 0.005664 seconds .

========================================================================
Received Import Request.
  Time since last request: 26.817757 seconds.
  path: Assets/Scripts/Pathfinding/AStar.cs
  artifactKey: Guid(22f1432bd945a624daaffd5755f83a3b) Importer(815301076,1909f56bfc062723c751e8b465ee728b)
Start importing Assets/Scripts/Pathfinding/AStar.cs using Guid(22f1432bd945a624daaffd5755f83a3b) Importer(815301076,1909f56bfc062723c751e8b465ee728b)  -> (artifact id: '11e1c47fc43c74a9f9ce680de3b718e1') in 0.002718 seconds
  Import took 0.004860 seconds .

========================================================================
Received Import Request.
  Time since last request: 18.364714 seconds.
  path: Assets/Scripts/Pathfinding/AStar.cs
  artifactKey: Guid(22f1432bd945a624daaffd5755f83a3b) Importer(815301076,1909f56bfc062723c751e8b465ee728b)
Start importing Assets/Scripts/Pathfinding/AStar.cs using Guid(22f1432bd945a624daaffd5755f83a3b) Importer(815301076,1909f56bfc062723c751e8b465ee728b)  -> (artifact id: '807ce876a18a03e9acd8e9ae844b4bea') in 0.002536 seconds
  Import took 0.005616 seconds .

========================================================================
Received Import Request.
  Time since last request: 23.452136 seconds.
  path: Assets/Scripts/Pathfinding/AStar.cs
  artifactKey: Guid(22f1432bd945a624daaffd5755f83a3b) Importer(815301076,1909f56bfc062723c751e8b465ee728b)
Start importing Assets/Scripts/Pathfinding/AStar.cs using Guid(22f1432bd945a624daaffd5755f83a3b) Importer(815301076,1909f56bfc062723c751e8b465ee728b)  -> (artifact id: '8ce0f4690286c51445b169a7c43001f0') in 0.002808 seconds
  Import took 0.005067 seconds .

========================================================================
Received Import Request.
  Time since last request: 28.440227 seconds.
  path: Assets/Scripts/Pathfinding/AStar.cs
  artifactKey: Guid(22f1432bd945a624daaffd5755f83a3b) Importer(815301076,1909f56bfc062723c751e8b465ee728b)
Start importing Assets/Scripts/Pathfinding/AStar.cs using Guid(22f1432bd945a624daaffd5755f83a3b) Importer(815301076,1909f56bfc062723c751e8b465ee728b)  -> (artifact id: '31c920dd680c99cd405f5bc81e5d7927') in 0.002627 seconds
  Import took 0.005529 seconds .

========================================================================
Received Import Request.
  Time since last request: 29.618563 seconds.
  path: Assets/Scripts/Pathfinding/AStar.cs
  artifactKey: Guid(22f1432bd945a624daaffd5755f83a3b) Importer(815301076,1909f56bfc062723c751e8b465ee728b)
Start importing Assets/Scripts/Pathfinding/AStar.cs using Guid(22f1432bd945a624daaffd5755f83a3b) Importer(815301076,1909f56bfc062723c751e8b465ee728b)  -> (artifact id: '16efdd349c6835d898038e25b03a93a3') in 0.002457 seconds
  Import took 0.004506 seconds .

========================================================================
Received Import Request.
  Time since last request: 186.691936 seconds.
  path: Assets/Scripts/Pathfinding/AStar.cs
  artifactKey: Guid(22f1432bd945a624daaffd5755f83a3b) Importer(815301076,1909f56bfc062723c751e8b465ee728b)
Start importing Assets/Scripts/Pathfinding/AStar.cs using Guid(22f1432bd945a624daaffd5755f83a3b) Importer(815301076,1909f56bfc062723c751e8b465ee728b)  -> (artifact id: 'aa9fe99ef6b9d5dcb3c391cbad6f235b') in 0.002635 seconds
  Import took 0.006449 seconds .

========================================================================
Received Import Request.
  Time since last request: 51.986514 seconds.
  path: Assets/Scripts/Pathfinding/AStar.cs
  artifactKey: Guid(22f1432bd945a624daaffd5755f83a3b) Importer(815301076,1909f56bfc062723c751e8b465ee728b)
Start importing Assets/Scripts/Pathfinding/AStar.cs using Guid(22f1432bd945a624daaffd5755f83a3b) Importer(815301076,1909f56bfc062723c751e8b465ee728b)  -> (artifact id: 'c88a56fb82dd0c5c2f7ec7fd483e2f5f') in 0.002602 seconds
  Import took 0.004988 seconds .

========================================================================
Received Import Request.
  Time since last request: 2.035444 seconds.
  path: Assets/Scripts/Pathfinding/AStar.cs
  artifactKey: Guid(22f1432bd945a624daaffd5755f83a3b) Importer(815301076,1909f56bfc062723c751e8b465ee728b)
Start importing Assets/Scripts/Pathfinding/AStar.cs using Guid(22f1432bd945a624daaffd5755f83a3b) Importer(815301076,1909f56bfc062723c751e8b465ee728b)  -> (artifact id: '555ce46e992243c72378c82a3dcaa643') in 0.002721 seconds
  Import took 0.004756 seconds .

========================================================================
Received Import Request.
  Time since last request: 103.158481 seconds.
  path: Assets/Scripts/Pathfinding/AStar.cs
  artifactKey: Guid(22f1432bd945a624daaffd5755f83a3b) Importer(815301076,1909f56bfc062723c751e8b465ee728b)
Start importing Assets/Scripts/Pathfinding/AStar.cs using Guid(22f1432bd945a624daaffd5755f83a3b) Importer(815301076,1909f56bfc062723c751e8b465ee728b)  -> (artifact id: 'b9243c46739c00f5253430f938f1262f') in 0.002802 seconds
  Import took 0.006052 seconds .

========================================================================
Received Import Request.
  Time since last request: 8.840795 seconds.
  path: Assets/Scripts/Pathfinding/AStar.cs
  artifactKey: Guid(22f1432bd945a624daaffd5755f83a3b) Importer(815301076,1909f56bfc062723c751e8b465ee728b)
Start importing Assets/Scripts/Pathfinding/AStar.cs using Guid(22f1432bd945a624daaffd5755f83a3b) Importer(815301076,1909f56bfc062723c751e8b465ee728b)  -> (artifact id: '475fedbc90cff24b5b32089f22234c44') in 0.002475 seconds
  Import took 0.004545 seconds .

========================================================================
Received Import Request.
  Time since last request: 7.702710 seconds.
  path: Assets/Scripts/Pathfinding/AStar.cs
  artifactKey: Guid(22f1432bd945a624daaffd5755f83a3b) Importer(815301076,1909f56bfc062723c751e8b465ee728b)
Start importing Assets/Scripts/Pathfinding/AStar.cs using Guid(22f1432bd945a624daaffd5755f83a3b) Importer(815301076,1909f56bfc062723c751e8b465ee728b)  -> (artifact id: '5ef4563996ba347e529419bf12d43794') in 0.002475 seconds
  Import took 0.005434 seconds .

========================================================================
Received Import Request.
  Time since last request: 0.002683 seconds.
  path: Assets/Scripts/Pathfinding/AStar.cs
  artifactKey: Guid(22f1432bd945a624daaffd5755f83a3b) Importer(815301076,1909f56bfc062723c751e8b465ee728b)
Start importing Assets/Scripts/Pathfinding/AStar.cs using Guid(22f1432bd945a624daaffd5755f83a3b) Importer(815301076,1909f56bfc062723c751e8b465ee728b)  -> (artifact id: '5ef4563996ba347e529419bf12d43794') in 0.002992 seconds
  Import took 0.005356 seconds .

========================================================================
Received Import Request.
  Time since last request: 57.276136 seconds.
  path: Assets/Scripts/Pathfinding/AStar.cs
  artifactKey: Guid(22f1432bd945a624daaffd5755f83a3b) Importer(815301076,1909f56bfc062723c751e8b465ee728b)
Start importing Assets/Scripts/Pathfinding/AStar.cs using Guid(22f1432bd945a624daaffd5755f83a3b) Importer(815301076,1909f56bfc062723c751e8b465ee728b)  -> (artifact id: 'e3862d31210c0b2f40a98caa42404828') in 0.002669 seconds
  Import took 0.005061 seconds .

========================================================================
Received Import Request.
  Time since last request: 10.962792 seconds.
  path: Assets/Scripts/Pathfinding/AStar.cs
  artifactKey: Guid(22f1432bd945a624daaffd5755f83a3b) Importer(815301076,1909f56bfc062723c751e8b465ee728b)
Start importing Assets/Scripts/Pathfinding/AStar.cs using Guid(22f1432bd945a624daaffd5755f83a3b) Importer(815301076,1909f56bfc062723c751e8b465ee728b)  -> (artifact id: '377252fe46fc2b5137f433eaaa7eb6f9') in 0.002476 seconds
  Import took 0.005689 seconds .

========================================================================
Received Import Request.
  Time since last request: 34.289999 seconds.
  path: Assets/Scripts/Pathfinding/AStar.cs
  artifactKey: Guid(22f1432bd945a624daaffd5755f83a3b) Importer(815301076,1909f56bfc062723c751e8b465ee728b)
Start importing Assets/Scripts/Pathfinding/AStar.cs using Guid(22f1432bd945a624daaffd5755f83a3b) Importer(815301076,1909f56bfc062723c751e8b465ee728b)  -> (artifact id: 'f06a02e3d2e4a6fd74b584f6075f6206') in 0.003450 seconds
  Import took 0.006785 seconds .

========================================================================
Received Import Request.
  Time since last request: 0.003234 seconds.
  path: Assets/Scripts/Pathfinding/AStar.cs
  artifactKey: Guid(22f1432bd945a624daaffd5755f83a3b) Importer(815301076,1909f56bfc062723c751e8b465ee728b)
Start importing Assets/Scripts/Pathfinding/AStar.cs using Guid(22f1432bd945a624daaffd5755f83a3b) Importer(815301076,1909f56bfc062723c751e8b465ee728b)  -> (artifact id: 'f06a02e3d2e4a6fd74b584f6075f6206') in 0.003392 seconds
  Import took 0.006258 seconds .

========================================================================
Received Import Request.
  Time since last request: 25.438273 seconds.
  path: Assets/Scripts/Pathfinding/AStar.cs
  artifactKey: Guid(22f1432bd945a624daaffd5755f83a3b) Importer(815301076,1909f56bfc062723c751e8b465ee728b)
Start importing Assets/Scripts/Pathfinding/AStar.cs using Guid(22f1432bd945a624daaffd5755f83a3b) Importer(815301076,1909f56bfc062723c751e8b465ee728b)  -> (artifact id: '74dcdb025e7c86850555fc706c29fc52') in 0.002435 seconds
  Import took 0.005480 seconds .

========================================================================
Received Import Request.
  Time since last request: 4.204572 seconds.
  path: Assets/Scripts/Pathfinding/AStar.cs
  artifactKey: Guid(22f1432bd945a624daaffd5755f83a3b) Importer(815301076,1909f56bfc062723c751e8b465ee728b)
Start importing Assets/Scripts/Pathfinding/AStar.cs using Guid(22f1432bd945a624daaffd5755f83a3b) Importer(815301076,1909f56bfc062723c751e8b465ee728b)  -> (artifact id: '8a20d591a11c6d16cd47955c62cb9b7b') in 0.002817 seconds
  Import took 0.005028 seconds .

========================================================================
Received Import Request.
  Time since last request: 9.939282 seconds.
  path: Assets/Scripts/Pathfinding/AStar.cs
  artifactKey: Guid(22f1432bd945a624daaffd5755f83a3b) Importer(815301076,1909f56bfc062723c751e8b465ee728b)
Start importing Assets/Scripts/Pathfinding/AStar.cs using Guid(22f1432bd945a624daaffd5755f83a3b) Importer(815301076,1909f56bfc062723c751e8b465ee728b)  -> (artifact id: '1d45db778bf0277cafa92fee34011e15') in 0.002472 seconds
  Import took 0.004551 seconds .

========================================================================
Received Import Request.
  Time since last request: 8.410740 seconds.
  path: Assets/Scripts/Pathfinding/AStar.cs
  artifactKey: Guid(22f1432bd945a624daaffd5755f83a3b) Importer(815301076,1909f56bfc062723c751e8b465ee728b)
Start importing Assets/Scripts/Pathfinding/AStar.cs using Guid(22f1432bd945a624daaffd5755f83a3b) Importer(815301076,1909f56bfc062723c751e8b465ee728b)  -> (artifact id: '492c3dc5381c86239e4217063201e849') in 0.002562 seconds
  Import took 0.004724 seconds .

========================================================================
Received Import Request.
  Time since last request: 29.035403 seconds.
  path: Assets/Scripts/Pathfinding/AStar.cs
  artifactKey: Guid(22f1432bd945a624daaffd5755f83a3b) Importer(815301076,1909f56bfc062723c751e8b465ee728b)
Start importing Assets/Scripts/Pathfinding/AStar.cs using Guid(22f1432bd945a624daaffd5755f83a3b) Importer(815301076,1909f56bfc062723c751e8b465ee728b)  -> (artifact id: '82cfcb9805b7dcf062e9ff41c9efeef5') in 0.002511 seconds
  Import took 0.004626 seconds .

========================================================================
Received Prepare
Registering precompiled user dll's ...
Registered in 0.000876 seconds.
Begin MonoManager ReloadAssembly
Native extension for WindowsStandalone target not found
Native extension for WebGL target not found
Refreshing native plugins compatible for Editor in 0.26 ms, found 0 plugins.
Preloading 0 native plugins for Editor in 0.00 ms.
Invoked RoslynAnalysisRunner static constructor.
RoslynAnalysisRunner will not be running.
RoslynAnalysisRunner has terminated.
Mono: successfully reloaded assembly
- Completed reload, in  0.858 seconds
Platform modules already initialized, skipping
Refreshing native plugins compatible for Editor in 0.24 ms, found 0 plugins.
Preloading 0 native plugins for Editor in 0.00 ms.
Unloading 1146 Unused Serialized files (Serialized files now loaded: 0)
System memory in use before: 59.5 MB.
System memory in use after: 59.6 MB.

Unloading 4 unused Assets to reduce memory usage. Loaded Objects now: 1614.
Total: 1.722900 ms (FindLiveObjects: 0.188400 ms CreateObjectMapping: 0.031800 ms MarkObjects: 1.483100 ms  DeleteObjects: 0.018400 ms)

========================================================================
Received Import Request.
  Time since last request: 707.484132 seconds.
  path: Assets/Scripts/Pathfinding/SortedNodeSet.cs
  artifactKey: Guid(ff0595194402928448dc5a99ddbf23c8) Importer(815301076,1909f56bfc062723c751e8b465ee728b)
Start importing Assets/Scripts/Pathfinding/SortedNodeSet.cs using Guid(ff0595194402928448dc5a99ddbf23c8) Importer(815301076,1909f56bfc062723c751e8b465ee728b)  -> (artifact id: '1700a2ec1b69e7a9a2b83383fb48f853') in 0.010551 seconds
  Import took 0.012658 seconds .

========================================================================
Received Prepare
Registering precompiled user dll's ...
Registered in 0.000734 seconds.
Begin MonoManager ReloadAssembly
Native extension for WindowsStandalone target not found
Native extension for WebGL target not found
Refreshing native plugins compatible for Editor in 0.25 ms, found 0 plugins.
Preloading 0 native plugins for Editor in 0.00 ms.
Invoked RoslynAnalysisRunner static constructor.
RoslynAnalysisRunner will not be running.
RoslynAnalysisRunner has terminated.
Mono: successfully reloaded assembly
- Completed reload, in  0.808 seconds
Platform modules already initialized, skipping
Refreshing native plugins compatible for Editor in 0.27 ms, found 0 plugins.
Preloading 0 native plugins for Editor in 0.00 ms.
Unloading 1147 Unused Serialized files (Serialized files now loaded: 0)
System memory in use before: 59.6 MB.
System memory in use after: 59.7 MB.

Unloading 4 unused Assets to reduce memory usage. Loaded Objects now: 1618.
Total: 2.121400 ms (FindLiveObjects: 0.404100 ms CreateObjectMapping: 0.090400 ms MarkObjects: 1.606600 ms  DeleteObjects: 0.018900 ms)

========================================================================
Received Prepare
Registering precompiled user dll's ...
Registered in 0.000834 seconds.
Begin MonoManager ReloadAssembly
Native extension for WindowsStandalone target not found
Native extension for WebGL target not found
Refreshing native plugins compatible for Editor in 0.24 ms, found 0 plugins.
Preloading 0 native plugins for Editor in 0.00 ms.
Invoked RoslynAnalysisRunner static constructor.
RoslynAnalysisRunner will not be running.
RoslynAnalysisRunner has terminated.
Mono: successfully reloaded assembly
- Completed reload, in  0.771 seconds
Platform modules already initialized, skipping
Refreshing native plugins compatible for Editor in 0.24 ms, found 0 plugins.
Preloading 0 native plugins for Editor in 0.00 ms.
Unloading 1147 Unused Serialized files (Serialized files now loaded: 0)
System memory in use before: 59.6 MB.
System memory in use after: 59.7 MB.

Unloading 4 unused Assets to reduce memory usage. Loaded Objects now: 1621.
Total: 3.701900 ms (FindLiveObjects: 0.173200 ms CreateObjectMapping: 0.029100 ms MarkObjects: 3.474800 ms  DeleteObjects: 0.023300 ms)

========================================================================
Received Prepare
Registering precompiled user dll's ...
Registered in 0.000809 seconds.
Begin MonoManager ReloadAssembly
Native extension for WindowsStandalone target not found
Native extension for WebGL target not found
Refreshing native plugins compatible for Editor in 0.27 ms, found 0 plugins.
Preloading 0 native plugins for Editor in 0.00 ms.
Invoked RoslynAnalysisRunner static constructor.
RoslynAnalysisRunner will not be running.
RoslynAnalysisRunner has terminated.
Mono: successfully reloaded assembly
- Completed reload, in  0.778 seconds
Platform modules already initialized, skipping
Refreshing native plugins compatible for Editor in 0.26 ms, found 0 plugins.
Preloading 0 native plugins for Editor in 0.00 ms.
Unloading 1147 Unused Serialized files (Serialized files now loaded: 0)
System memory in use before: 59.6 MB.
System memory in use after: 59.7 MB.

Unloading 4 unused Assets to reduce memory usage. Loaded Objects now: 1624.
Total: 1.726200 ms (FindLiveObjects: 0.165100 ms CreateObjectMapping: 0.026300 ms MarkObjects: 1.517500 ms  DeleteObjects: 0.015600 ms)

========================================================================
Received Prepare
Registering precompiled user dll's ...
Registered in 0.000862 seconds.
Begin MonoManager ReloadAssembly
Native extension for WindowsStandalone target not found
Native extension for WebGL target not found
Refreshing native plugins compatible for Editor in 0.24 ms, found 0 plugins.
Preloading 0 native plugins for Editor in 0.00 ms.
Invoked RoslynAnalysisRunner static constructor.
RoslynAnalysisRunner will not be running.
RoslynAnalysisRunner has terminated.
Mono: successfully reloaded assembly
- Completed reload, in  0.831 seconds
Platform modules already initialized, skipping
Refreshing native plugins compatible for Editor in 0.24 ms, found 0 plugins.
Preloading 0 native plugins for Editor in 0.00 ms.
Unloading 1147 Unused Serialized files (Serialized files now loaded: 0)
System memory in use before: 59.6 MB.
System memory in use after: 59.7 MB.

Unloading 4 unused Assets to reduce memory usage. Loaded Objects now: 1627.
Total: 1.684900 ms (FindLiveObjects: 0.163200 ms CreateObjectMapping: 0.028000 ms MarkObjects: 1.434300 ms  DeleteObjects: 0.058600 ms)

========================================================================
Received Prepare
Registering precompiled user dll's ...
Registered in 0.000795 seconds.
Begin MonoManager ReloadAssembly
Native extension for WindowsStandalone target not found
Native extension for WebGL target not found
Refreshing native plugins compatible for Editor in 0.24 ms, found 0 plugins.
Preloading 0 native plugins for Editor in 0.00 ms.
Invoked RoslynAnalysisRunner static constructor.
RoslynAnalysisRunner will not be running.
RoslynAnalysisRunner has terminated.
Mono: successfully reloaded assembly
- Completed reload, in  0.785 seconds
Platform modules already initialized, skipping
Refreshing native plugins compatible for Editor in 0.24 ms, found 0 plugins.
Preloading 0 native plugins for Editor in 0.00 ms.
Unloading 1147 Unused Serialized files (Serialized files now loaded: 0)
System memory in use before: 59.6 MB.
System memory in use after: 59.7 MB.

Unloading 4 unused Assets to reduce memory usage. Loaded Objects now: 1630.
Total: 1.873200 ms (FindLiveObjects: 0.283500 ms CreateObjectMapping: 0.027200 ms MarkObjects: 1.545800 ms  DeleteObjects: 0.015700 ms)

========================================================================
Received Prepare
Registering precompiled user dll's ...
Registered in 0.000846 seconds.
Begin MonoManager ReloadAssembly
Native extension for WindowsStandalone target not found
Native extension for WebGL target not found
Refreshing native plugins compatible for Editor in 0.25 ms, found 0 plugins.
Preloading 0 native plugins for Editor in 0.00 ms.
Invoked RoslynAnalysisRunner static constructor.
RoslynAnalysisRunner will not be running.
RoslynAnalysisRunner has terminated.
Mono: successfully reloaded assembly
- Completed reload, in  0.784 seconds
Platform modules already initialized, skipping
Refreshing native plugins compatible for Editor in 0.28 ms, found 0 plugins.
Preloading 0 native plugins for Editor in 0.00 ms.
Unloading 1147 Unused Serialized files (Serialized files now loaded: 0)
System memory in use before: 59.6 MB.
System memory in use after: 59.7 MB.

Unloading 4 unused Assets to reduce memory usage. Loaded Objects now: 1633.
Total: 1.710500 ms (FindLiveObjects: 0.143500 ms CreateObjectMapping: 0.030000 ms MarkObjects: 1.519200 ms  DeleteObjects: 0.016400 ms)

========================================================================
Received Prepare
Registering precompiled user dll's ...
Registered in 0.000769 seconds.
Begin MonoManager ReloadAssembly
Native extension for WindowsStandalone target not found
Native extension for WebGL target not found
Refreshing native plugins compatible for Editor in 0.24 ms, found 0 plugins.
Preloading 0 native plugins for Editor in 0.00 ms.
Invoked RoslynAnalysisRunner static constructor.
RoslynAnalysisRunner will not be running.
RoslynAnalysisRunner has terminated.
Mono: successfully reloaded assembly
- Completed reload, in  0.785 seconds
Platform modules already initialized, skipping
Refreshing native plugins compatible for Editor in 0.26 ms, found 0 plugins.
Preloading 0 native plugins for Editor in 0.00 ms.
Unloading 1147 Unused Serialized files (Serialized files now loaded: 0)
System memory in use before: 59.6 MB.
System memory in use after: 59.7 MB.

Unloading 4 unused Assets to reduce memory usage. Loaded Objects now: 1636.
Total: 2.066900 ms (FindLiveObjects: 0.137000 ms CreateObjectMapping: 0.029200 ms MarkObjects: 1.885200 ms  DeleteObjects: 0.014300 ms)

========================================================================
Received Prepare
Registering precompiled user dll's ...
Registered in 0.000811 seconds.
Begin MonoManager ReloadAssembly
Native extension for WindowsStandalone target not found
Native extension for WebGL target not found
Refreshing native plugins compatible for Editor in 0.26 ms, found 0 plugins.
Preloading 0 native plugins for Editor in 0.00 ms.
Invoked RoslynAnalysisRunner static constructor.
RoslynAnalysisRunner will not be running.
RoslynAnalysisRunner has terminated.
Mono: successfully reloaded assembly
- Completed reload, in  0.783 seconds
Platform modules already initialized, skipping
Refreshing native plugins compatible for Editor in 0.24 ms, found 0 plugins.
Preloading 0 native plugins for Editor in 0.00 ms.
Unloading 1147 Unused Serialized files (Serialized files now loaded: 0)
System memory in use before: 59.6 MB.
System memory in use after: 59.7 MB.

Unloading 4 unused Assets to reduce memory usage. Loaded Objects now: 1639.
Total: 1.707500 ms (FindLiveObjects: 0.154600 ms CreateObjectMapping: 0.028100 ms MarkObjects: 1.509200 ms  DeleteObjects: 0.014800 ms)

========================================================================
Received Prepare
Registering precompiled user dll's ...
Registered in 0.000735 seconds.
Begin MonoManager ReloadAssembly
Native extension for WindowsStandalone target not found
Native extension for WebGL target not found
Refreshing native plugins compatible for Editor in 0.24 ms, found 0 plugins.
Preloading 0 native plugins for Editor in 0.00 ms.
Invoked RoslynAnalysisRunner static constructor.
RoslynAnalysisRunner will not be running.
RoslynAnalysisRunner has terminated.
Mono: successfully reloaded assembly
- Completed reload, in  0.780 seconds
Platform modules already initialized, skipping
Refreshing native plugins compatible for Editor in 0.25 ms, found 0 plugins.
Preloading 0 native plugins for Editor in 0.00 ms.
Unloading 1147 Unused Serialized files (Serialized files now loaded: 0)
System memory in use before: 59.7 MB.
System memory in use after: 59.8 MB.

Unloading 4 unused Assets to reduce memory usage. Loaded Objects now: 1642.
Total: 1.645000 ms (FindLiveObjects: 0.167300 ms CreateObjectMapping: 0.026700 ms MarkObjects: 1.437300 ms  DeleteObjects: 0.012600 ms)

========================================================================
Received Prepare
Registering precompiled user dll's ...
Registered in 0.000832 seconds.
Begin MonoManager ReloadAssembly
Native extension for WindowsStandalone target not found
Native extension for WebGL target not found
Refreshing native plugins compatible for Editor in 0.25 ms, found 0 plugins.
Preloading 0 native plugins for Editor in 0.00 ms.
Invoked RoslynAnalysisRunner static constructor.
RoslynAnalysisRunner will not be running.
RoslynAnalysisRunner has terminated.
Mono: successfully reloaded assembly
- Completed reload, in  0.785 seconds
Platform modules already initialized, skipping
Refreshing native plugins compatible for Editor in 0.25 ms, found 0 plugins.
Preloading 0 native plugins for Editor in 0.00 ms.
Unloading 1147 Unused Serialized files (Serialized files now loaded: 0)
System memory in use before: 59.7 MB.
System memory in use after: 59.8 MB.

Unloading 4 unused Assets to reduce memory usage. Loaded Objects now: 1645.
Total: 1.683300 ms (FindLiveObjects: 0.165100 ms CreateObjectMapping: 0.028600 ms MarkObjects: 1.473200 ms  DeleteObjects: 0.015600 ms)

========================================================================
Received Prepare
Registering precompiled user dll's ...
Registered in 0.000897 seconds.
Begin MonoManager ReloadAssembly
Native extension for WindowsStandalone target not found
Native extension for WebGL target not found
Refreshing native plugins compatible for Editor in 0.24 ms, found 0 plugins.
Preloading 0 native plugins for Editor in 0.00 ms.
Invoked RoslynAnalysisRunner static constructor.
RoslynAnalysisRunner will not be running.
RoslynAnalysisRunner has terminated.
Mono: successfully reloaded assembly
- Completed reload, in  0.786 seconds
Platform modules already initialized, skipping
Refreshing native plugins compatible for Editor in 0.27 ms, found 0 plugins.
Preloading 0 native plugins for Editor in 0.00 ms.
Unloading 1147 Unused Serialized files (Serialized files now loaded: 0)
System memory in use before: 59.7 MB.
System memory in use after: 59.8 MB.

Unloading 4 unused Assets to reduce memory usage. Loaded Objects now: 1648.
Total: 1.599100 ms (FindLiveObjects: 0.144000 ms CreateObjectMapping: 0.027400 ms MarkObjects: 1.415300 ms  DeleteObjects: 0.011700 ms)

========================================================================
Received Prepare
Registering precompiled user dll's ...
Registered in 0.000769 seconds.
Begin MonoManager ReloadAssembly
Native extension for WindowsStandalone target not found
Native extension for WebGL target not found
Refreshing native plugins compatible for Editor in 0.24 ms, found 0 plugins.
Preloading 0 native plugins for Editor in 0.00 ms.
Invoked RoslynAnalysisRunner static constructor.
RoslynAnalysisRunner will not be running.
RoslynAnalysisRunner has terminated.
Mono: successfully reloaded assembly
- Completed reload, in  0.783 seconds
Platform modules already initialized, skipping
Refreshing native plugins compatible for Editor in 0.24 ms, found 0 plugins.
Preloading 0 native plugins for Editor in 0.00 ms.
Unloading 1147 Unused Serialized files (Serialized files now loaded: 0)
System memory in use before: 59.7 MB.
System memory in use after: 59.8 MB.

Unloading 4 unused Assets to reduce memory usage. Loaded Objects now: 1651.
Total: 2.131800 ms (FindLiveObjects: 0.175000 ms CreateObjectMapping: 0.028000 ms MarkObjects: 1.904900 ms  DeleteObjects: 0.022100 ms)

========================================================================
Received Prepare
Registering precompiled user dll's ...
Registered in 0.000775 seconds.
Begin MonoManager ReloadAssembly
Native extension for WindowsStandalone target not found
Native extension for WebGL target not found
Refreshing native plugins compatible for Editor in 0.24 ms, found 0 plugins.
Preloading 0 native plugins for Editor in 0.00 ms.
Invoked RoslynAnalysisRunner static constructor.
RoslynAnalysisRunner will not be running.
RoslynAnalysisRunner has terminated.
Mono: successfully reloaded assembly
- Completed reload, in  0.783 seconds
Platform modules already initialized, skipping
Refreshing native plugins compatible for Editor in 0.24 ms, found 0 plugins.
Preloading 0 native plugins for Editor in 0.00 ms.
Unloading 1147 Unused Serialized files (Serialized files now loaded: 0)
System memory in use before: 59.7 MB.
System memory in use after: 59.8 MB.

Unloading 4 unused Assets to reduce memory usage. Loaded Objects now: 1654.
Total: 1.626100 ms (FindLiveObjects: 0.140400 ms CreateObjectMapping: 0.028800 ms MarkObjects: 1.443900 ms  DeleteObjects: 0.011800 ms)

========================================================================
Received Prepare
Registering precompiled user dll's ...
Registered in 0.000749 seconds.
Begin MonoManager ReloadAssembly
Native extension for WindowsStandalone target not found
Native extension for WebGL target not found
Refreshing native plugins compatible for Editor in 0.24 ms, found 0 plugins.
Preloading 0 native plugins for Editor in 0.00 ms.
Invoked RoslynAnalysisRunner static constructor.
RoslynAnalysisRunner will not be running.
RoslynAnalysisRunner has terminated.
Mono: successfully reloaded assembly
- Completed reload, in  0.778 seconds
Platform modules already initialized, skipping
Refreshing native plugins compatible for Editor in 0.29 ms, found 0 plugins.
Preloading 0 native plugins for Editor in 0.00 ms.
Unloading 1147 Unused Serialized files (Serialized files now loaded: 0)
System memory in use before: 59.7 MB.
System memory in use after: 59.8 MB.

Unloading 4 unused Assets to reduce memory usage. Loaded Objects now: 1657.
Total: 2.085900 ms (FindLiveObjects: 0.210500 ms CreateObjectMapping: 0.033800 ms MarkObjects: 1.822700 ms  DeleteObjects: 0.017600 ms)

AssetImportWorkerClient::OnTransportError - code=2 error=End of file
